#
# There is insufficient memory for the Java Runtime Environment to continue.
# Native memory allocation (malloc) failed to allocate 600416 bytes for Chunk::new
# Possible reasons:
#   The system is out of physical RAM or swap space
#   The process is running with CompressedOops enabled, and the Java Heap may be blocking the growth of the native heap
# Possible solutions:
#   Reduce memory load on the system
#   Increase physical memory or swap space
#   Check if swap backing store is full
#   Decrease Java heap size (-Xmx/-Xms)
#   Decrease number of Java threads
#   Decrease Java thread stack sizes (-Xss)
#   Set larger code cache with -XX:ReservedCodeCacheSize=
#   JVM is running with Zero Based Compressed Oops mode in which the Java heap is
#     placed in the first 32GB address space. The Java Heap base address is the
#     maximum limit for the native heap growth. Please use -XX:HeapBaseMinAddress
#     to set the Java Heap base and to place the Java Heap above 32GB virtual address.
# This output file may be truncated or incomplete.
#
#  Out of Memory Error (t:/workspace/open/src/hotspot/share/memory/arena.cpp:196), pid=6888, tid=6180
#
# JRE version: Java(TM) SE Runtime Environment (13.0.2+8) (build 13.0.2+8)
# Java VM: Java HotSpot(TM) 64-Bit Server VM (13.0.2+8, mixed mode, sharing, tiered, compressed oops, g1 gc, windows-amd64)
# No core dump will be written. Minidumps are not enabled by default on client versions of Windows
#

---------------  S U M M A R Y ------------

Command Line: -agentlib:jdwp=transport=dt_socket,suspend=y,address=localhost:63963 -Dmaven.home=EMBEDDED -Dclassworlds.conf=C:\Users\banme\FFT_Battleground_bot\.metadata\.plugins\org.eclipse.m2e.launching\launches\m2conf17659921018343105656.tmp -Dmaven.multiModuleProjectDirectory=C:\Users\banme\FFT_Battleground_bot\FFT_BattleGround_Databot -javaagent:C:\Users\banme\eclipse\jee-2021-06\eclipse\configuration\org.eclipse.osgi\415\0\.cp\lib\javaagent-shaded.jar -Dfile.encoding=Cp1252 org.codehaus.plexus.classworlds.launcher.Launcher -PLOCAL -B -Dmaven.test.skip=true -DskipTests clean install

Host: Intel(R) Core(TM) i5-9600K CPU @ 3.70GHz, 6 cores, 31G,  Windows 10 , 64 bit Build 19041 (10.0.19041.1202)
Time: Tue Sep 21 09:26:14 2021 Central Daylight Time elapsed time: 1 seconds (0d 0h 0m 1s)

---------------  T H R E A D  ---------------

Current thread (0x0000023e7c490800):  JavaThread "C2 CompilerThread0" daemon [_thread_in_native, id=6180, stack(0x000000c164d00000,0x000000c164e00000)]


Current CompileTask:
C2:   1674 1268       4       org.eclipse.jdt.launching.internal.org.objectweb.asm.ClassReader::readMethod (1061 bytes)

Stack: [0x000000c164d00000,0x000000c164e00000]
Native frames: (J=compiled Java code, j=interpreted, Vv=VM code, C=native code)
V  [jvm.dll+0x624f9a]
V  [jvm.dll+0x770cfa]
V  [jvm.dll+0x7724af]
V  [jvm.dll+0x772ab3]
V  [jvm.dll+0x24bf08]
V  [jvm.dll+0xc1e47]
V  [jvm.dll+0xc23cc]
V  [jvm.dll+0x2bdbf4]
V  [jvm.dll+0x5441fd]
V  [jvm.dll+0x20de66]
V  [jvm.dll+0x2075b4]
V  [jvm.dll+0x204d1d]
V  [jvm.dll+0x189c2c]
V  [jvm.dll+0x213e6d]
V  [jvm.dll+0x2120bb]
V  [jvm.dll+0x736bb6]
V  [jvm.dll+0x72fcaa]
V  [jvm.dll+0x623ea6]
C  [ucrtbase.dll+0x21bb2]
C  [KERNEL32.DLL+0x17034]
C  [ntdll.dll+0x52651]


---------------  P R O C E S S  ---------------

Threads class SMR info:
_java_thread_list=0x0000023e7c6f9b80, length=13, elements={
0x0000023e4cd3c000, 0x0000023e7bb4d800, 0x0000023e7bb52800, 0x0000023e7bb6e800,
0x0000023e7c48f800, 0x0000023e7c490800, 0x0000023e7c499800, 0x0000023e7c4ac000,
0x0000023e7c5c1000, 0x0000023e7c63b800, 0x0000023e7c63f000, 0x0000023e7c63f800,
0x0000023e7c724800
}

Java Threads: ( => current thread )
  0x0000023e4cd3c000 JavaThread "main" [_thread_in_native, id=23744, stack(0x000000c164200000,0x000000c164300000)]
  0x0000023e7bb4d800 JavaThread "Reference Handler" daemon [_thread_blocked, id=18760, stack(0x000000c164900000,0x000000c164a00000)]
  0x0000023e7bb52800 JavaThread "Finalizer" daemon [_thread_blocked, id=25056, stack(0x000000c164a00000,0x000000c164b00000)]
  0x0000023e7bb6e800 JavaThread "Signal Dispatcher" daemon [_thread_blocked, id=22072, stack(0x000000c164b00000,0x000000c164c00000)]
  0x0000023e7c48f800 JavaThread "Attach Listener" daemon [_thread_blocked, id=23948, stack(0x000000c164c00000,0x000000c164d00000)]
=>0x0000023e7c490800 JavaThread "C2 CompilerThread0" daemon [_thread_in_native, id=6180, stack(0x000000c164d00000,0x000000c164e00000)]
  0x0000023e7c499800 JavaThread "C1 CompilerThread0" daemon [_thread_blocked, id=7608, stack(0x000000c164e00000,0x000000c164f00000)]
  0x0000023e7c4ac000 JavaThread "Sweeper thread" daemon [_thread_blocked, id=24340, stack(0x000000c164f00000,0x000000c165000000)]
  0x0000023e7c5c1000 JavaThread "Common-Cleaner" daemon [_thread_blocked, id=23380, stack(0x000000c165000000,0x000000c165100000)]
  0x0000023e7c63b800 JavaThread "JDWP Transport Listener: dt_socket" daemon [_thread_blocked, id=20508, stack(0x000000c165100000,0x000000c165200000)]
  0x0000023e7c63f000 JavaThread "JDWP Event Helper Thread" daemon [_thread_blocked, id=19652, stack(0x000000c165200000,0x000000c165300000)]
  0x0000023e7c63f800 JavaThread "JDWP Command Reader" daemon [_thread_in_native, id=24672, stack(0x000000c165300000,0x000000c165400000)]
  0x0000023e7c724800 JavaThread "Service Thread" daemon [_thread_blocked, id=2384, stack(0x000000c165400000,0x000000c165500000)]

Other Threads:
  0x0000023e7bb4b000 VMThread "VM Thread" [stack: 0x000000c164800000,0x000000c164900000] [id=276]
  0x0000023e7c727800 WatcherThread [stack: 0x000000c165500000,0x000000c165600000] [id=22848]
  0x0000023e4cdc4800 GCTaskThread "GC Thread#0" [stack: 0x000000c164300000,0x000000c164400000] [id=1844]
  0x0000023e7d53c800 GCTaskThread "GC Thread#1" [stack: 0x000000c165600000,0x000000c165700000] [id=11432]
  0x0000023e7d53d800 GCTaskThread "GC Thread#2" [stack: 0x000000c165700000,0x000000c165800000] [id=11224]
  0x0000023e7d517000 GCTaskThread "GC Thread#3" [stack: 0x000000c165800000,0x000000c165900000] [id=24656]
  0x0000023e7d517800 GCTaskThread "GC Thread#4" [stack: 0x000000c165900000,0x000000c165a00000] [id=4876]
  0x0000023e7d539000 GCTaskThread "GC Thread#5" [stack: 0x000000c165a00000,0x000000c165b00000] [id=22060]
  0x0000023e4cde6800 ConcurrentGCThread "G1 Main Marker" [stack: 0x000000c164400000,0x000000c164500000] [id=12916]
  0x0000023e4cde8000 ConcurrentGCThread "G1 Conc#0" [stack: 0x000000c164500000,0x000000c164600000] [id=12176]
  0x0000023e7bae8000 ConcurrentGCThread "G1 Refine#0" [stack: 0x000000c164600000,0x000000c164700000] [id=18600]
  0x0000023e7baea000 ConcurrentGCThread "G1 Young RemSet Sampling" [stack: 0x000000c164700000,0x000000c164800000] [id=13672]

Threads with active compile tasks:
C2 CompilerThread0     1696 1268       4       org.eclipse.jdt.launching.internal.org.objectweb.asm.ClassReader::readMethod (1061 bytes)

VM state:not at safepoint (normal execution)

VM Mutex/Monitor currently owned by a thread: None

Heap address: 0x0000000601400000, size: 8172 MB, Compressed Oops mode: Zero based, Oop shift amount: 3
Narrow klass base: 0x0000000800000000, Narrow klass shift: 3
Compressed class space size: 1073741824 Address: 0x0000000800b40000

Heap:
 garbage-first heap   total 524288K, used 23815K [0x0000000601400000, 0x0000000800000000)
  region size 2048K, 13 young (26624K), 2 survivors (4096K)
 Metaspace       used 7630K, capacity 8232K, committed 8320K, reserved 1060864K
  class space    used 799K, capacity 874K, committed 896K, reserved 1048576K
Heap Regions: E=young(eden), S=young(survivor), O=old, HS=humongous(starts), HC=humongous(continues), CS=collection set, F=free, A=archive, TAMS=top-at-mark-start (previous, next)
|   0|0x0000000601400000, 0x0000000601400000, 0x0000000601600000|  0%| F|  |TAMS 0x0000000601400000, 0x0000000601400000| Untracked 
|   1|0x0000000601600000, 0x0000000601600000, 0x0000000601800000|  0%| F|  |TAMS 0x0000000601600000, 0x0000000601600000| Untracked 
|   2|0x0000000601800000, 0x0000000601800000, 0x0000000601a00000|  0%| F|  |TAMS 0x0000000601800000, 0x0000000601800000| Untracked 
|   3|0x0000000601a00000, 0x0000000601a00000, 0x0000000601c00000|  0%| F|  |TAMS 0x0000000601a00000, 0x0000000601a00000| Untracked 
|   4|0x0000000601c00000, 0x0000000601c00000, 0x0000000601e00000|  0%| F|  |TAMS 0x0000000601c00000, 0x0000000601c00000| Untracked 
|   5|0x0000000601e00000, 0x0000000601e00000, 0x0000000602000000|  0%| F|  |TAMS 0x0000000601e00000, 0x0000000601e00000| Untracked 
|   6|0x0000000602000000, 0x0000000602000000, 0x0000000602200000|  0%| F|  |TAMS 0x0000000602000000, 0x0000000602000000| Untracked 
|   7|0x0000000602200000, 0x0000000602200000, 0x0000000602400000|  0%| F|  |TAMS 0x0000000602200000, 0x0000000602200000| Untracked 
|   8|0x0000000602400000, 0x0000000602400000, 0x0000000602600000|  0%| F|  |TAMS 0x0000000602400000, 0x0000000602400000| Untracked 
|   9|0x0000000602600000, 0x0000000602600000, 0x0000000602800000|  0%| F|  |TAMS 0x0000000602600000, 0x0000000602600000| Untracked 
|  10|0x0000000602800000, 0x0000000602800000, 0x0000000602a00000|  0%| F|  |TAMS 0x0000000602800000, 0x0000000602800000| Untracked 
|  11|0x0000000602a00000, 0x0000000602a00000, 0x0000000602c00000|  0%| F|  |TAMS 0x0000000602a00000, 0x0000000602a00000| Untracked 
|  12|0x0000000602c00000, 0x0000000602c00000, 0x0000000602e00000|  0%| F|  |TAMS 0x0000000602c00000, 0x0000000602c00000| Untracked 
|  13|0x0000000602e00000, 0x0000000602e00000, 0x0000000603000000|  0%| F|  |TAMS 0x0000000602e00000, 0x0000000602e00000| Untracked 
|  14|0x0000000603000000, 0x0000000603000000, 0x0000000603200000|  0%| F|  |TAMS 0x0000000603000000, 0x0000000603000000| Untracked 
|  15|0x0000000603200000, 0x0000000603200000, 0x0000000603400000|  0%| F|  |TAMS 0x0000000603200000, 0x0000000603200000| Untracked 
|  16|0x0000000603400000, 0x0000000603400000, 0x0000000603600000|  0%| F|  |TAMS 0x0000000603400000, 0x0000000603400000| Untracked 
|  17|0x0000000603600000, 0x0000000603600000, 0x0000000603800000|  0%| F|  |TAMS 0x0000000603600000, 0x0000000603600000| Untracked 
|  18|0x0000000603800000, 0x0000000603800000, 0x0000000603a00000|  0%| F|  |TAMS 0x0000000603800000, 0x0000000603800000| Untracked 
|  19|0x0000000603a00000, 0x0000000603a00000, 0x0000000603c00000|  0%| F|  |TAMS 0x0000000603a00000, 0x0000000603a00000| Untracked 
|  20|0x0000000603c00000, 0x0000000603c00000, 0x0000000603e00000|  0%| F|  |TAMS 0x0000000603c00000, 0x0000000603c00000| Untracked 
|  21|0x0000000603e00000, 0x0000000603e00000, 0x0000000604000000|  0%| F|  |TAMS 0x0000000603e00000, 0x0000000603e00000| Untracked 
|  22|0x0000000604000000, 0x0000000604000000, 0x0000000604200000|  0%| F|  |TAMS 0x0000000604000000, 0x0000000604000000| Untracked 
|  23|0x0000000604200000, 0x0000000604200000, 0x0000000604400000|  0%| F|  |TAMS 0x0000000604200000, 0x0000000604200000| Untracked 
|  24|0x0000000604400000, 0x0000000604400000, 0x0000000604600000|  0%| F|  |TAMS 0x0000000604400000, 0x0000000604400000| Untracked 
|  25|0x0000000604600000, 0x0000000604600000, 0x0000000604800000|  0%| F|  |TAMS 0x0000000604600000, 0x0000000604600000| Untracked 
|  26|0x0000000604800000, 0x0000000604800000, 0x0000000604a00000|  0%| F|  |TAMS 0x0000000604800000, 0x0000000604800000| Untracked 
|  27|0x0000000604a00000, 0x0000000604a00000, 0x0000000604c00000|  0%| F|  |TAMS 0x0000000604a00000, 0x0000000604a00000| Untracked 
|  28|0x0000000604c00000, 0x0000000604c00000, 0x0000000604e00000|  0%| F|  |TAMS 0x0000000604c00000, 0x0000000604c00000| Untracked 
|  29|0x0000000604e00000, 0x0000000604e00000, 0x0000000605000000|  0%| F|  |TAMS 0x0000000604e00000, 0x0000000604e00000| Untracked 
|  30|0x0000000605000000, 0x0000000605000000, 0x0000000605200000|  0%| F|  |TAMS 0x0000000605000000, 0x0000000605000000| Untracked 
|  31|0x0000000605200000, 0x0000000605200000, 0x0000000605400000|  0%| F|  |TAMS 0x0000000605200000, 0x0000000605200000| Untracked 
|  32|0x0000000605400000, 0x0000000605400000, 0x0000000605600000|  0%| F|  |TAMS 0x0000000605400000, 0x0000000605400000| Untracked 
|  33|0x0000000605600000, 0x0000000605600000, 0x0000000605800000|  0%| F|  |TAMS 0x0000000605600000, 0x0000000605600000| Untracked 
|  34|0x0000000605800000, 0x0000000605800000, 0x0000000605a00000|  0%| F|  |TAMS 0x0000000605800000, 0x0000000605800000| Untracked 
|  35|0x0000000605a00000, 0x0000000605a00000, 0x0000000605c00000|  0%| F|  |TAMS 0x0000000605a00000, 0x0000000605a00000| Untracked 
|  36|0x0000000605c00000, 0x0000000605c00000, 0x0000000605e00000|  0%| F|  |TAMS 0x0000000605c00000, 0x0000000605c00000| Untracked 
|  37|0x0000000605e00000, 0x0000000605e00000, 0x0000000606000000|  0%| F|  |TAMS 0x0000000605e00000, 0x0000000605e00000| Untracked 
|  38|0x0000000606000000, 0x0000000606000000, 0x0000000606200000|  0%| F|  |TAMS 0x0000000606000000, 0x0000000606000000| Untracked 
|  39|0x0000000606200000, 0x0000000606200000, 0x0000000606400000|  0%| F|  |TAMS 0x0000000606200000, 0x0000000606200000| Untracked 
|  40|0x0000000606400000, 0x0000000606400000, 0x0000000606600000|  0%| F|  |TAMS 0x0000000606400000, 0x0000000606400000| Untracked 
|  41|0x0000000606600000, 0x0000000606600000, 0x0000000606800000|  0%| F|  |TAMS 0x0000000606600000, 0x0000000606600000| Untracked 
|  42|0x0000000606800000, 0x0000000606800000, 0x0000000606a00000|  0%| F|  |TAMS 0x0000000606800000, 0x0000000606800000| Untracked 
|  43|0x0000000606a00000, 0x0000000606a00000, 0x0000000606c00000|  0%| F|  |TAMS 0x0000000606a00000, 0x0000000606a00000| Untracked 
|  44|0x0000000606c00000, 0x0000000606c00000, 0x0000000606e00000|  0%| F|  |TAMS 0x0000000606c00000, 0x0000000606c00000| Untracked 
|  45|0x0000000606e00000, 0x0000000606e00000, 0x0000000607000000|  0%| F|  |TAMS 0x0000000606e00000, 0x0000000606e00000| Untracked 
|  46|0x0000000607000000, 0x0000000607000000, 0x0000000607200000|  0%| F|  |TAMS 0x0000000607000000, 0x0000000607000000| Untracked 
|  47|0x0000000607200000, 0x0000000607200000, 0x0000000607400000|  0%| F|  |TAMS 0x0000000607200000, 0x0000000607200000| Untracked 
|  48|0x0000000607400000, 0x0000000607400000, 0x0000000607600000|  0%| F|  |TAMS 0x0000000607400000, 0x0000000607400000| Untracked 
|  49|0x0000000607600000, 0x0000000607600000, 0x0000000607800000|  0%| F|  |TAMS 0x0000000607600000, 0x0000000607600000| Untracked 
|  50|0x0000000607800000, 0x0000000607800000, 0x0000000607a00000|  0%| F|  |TAMS 0x0000000607800000, 0x0000000607800000| Untracked 
|  51|0x0000000607a00000, 0x0000000607a00000, 0x0000000607c00000|  0%| F|  |TAMS 0x0000000607a00000, 0x0000000607a00000| Untracked 
|  52|0x0000000607c00000, 0x0000000607c00000, 0x0000000607e00000|  0%| F|  |TAMS 0x0000000607c00000, 0x0000000607c00000| Untracked 
|  53|0x0000000607e00000, 0x0000000607e00000, 0x0000000608000000|  0%| F|  |TAMS 0x0000000607e00000, 0x0000000607e00000| Untracked 
|  54|0x0000000608000000, 0x0000000608000000, 0x0000000608200000|  0%| F|  |TAMS 0x0000000608000000, 0x0000000608000000| Untracked 
|  55|0x0000000608200000, 0x0000000608200000, 0x0000000608400000|  0%| F|  |TAMS 0x0000000608200000, 0x0000000608200000| Untracked 
|  56|0x0000000608400000, 0x0000000608400000, 0x0000000608600000|  0%| F|  |TAMS 0x0000000608400000, 0x0000000608400000| Untracked 
|  57|0x0000000608600000, 0x0000000608600000, 0x0000000608800000|  0%| F|  |TAMS 0x0000000608600000, 0x0000000608600000| Untracked 
|  58|0x0000000608800000, 0x0000000608800000, 0x0000000608a00000|  0%| F|  |TAMS 0x0000000608800000, 0x0000000608800000| Untracked 
|  59|0x0000000608a00000, 0x0000000608a00000, 0x0000000608c00000|  0%| F|  |TAMS 0x0000000608a00000, 0x0000000608a00000| Untracked 
|  60|0x0000000608c00000, 0x0000000608c00000, 0x0000000608e00000|  0%| F|  |TAMS 0x0000000608c00000, 0x0000000608c00000| Untracked 
|  61|0x0000000608e00000, 0x0000000608e00000, 0x0000000609000000|  0%| F|  |TAMS 0x0000000608e00000, 0x0000000608e00000| Untracked 
|  62|0x0000000609000000, 0x0000000609000000, 0x0000000609200000|  0%| F|  |TAMS 0x0000000609000000, 0x0000000609000000| Untracked 
|  63|0x0000000609200000, 0x0000000609200000, 0x0000000609400000|  0%| F|  |TAMS 0x0000000609200000, 0x0000000609200000| Untracked 
|  64|0x0000000609400000, 0x0000000609400000, 0x0000000609600000|  0%| F|  |TAMS 0x0000000609400000, 0x0000000609400000| Untracked 
|  65|0x0000000609600000, 0x0000000609600000, 0x0000000609800000|  0%| F|  |TAMS 0x0000000609600000, 0x0000000609600000| Untracked 
|  66|0x0000000609800000, 0x0000000609800000, 0x0000000609a00000|  0%| F|  |TAMS 0x0000000609800000, 0x0000000609800000| Untracked 
|  67|0x0000000609a00000, 0x0000000609a00000, 0x0000000609c00000|  0%| F|  |TAMS 0x0000000609a00000, 0x0000000609a00000| Untracked 
|  68|0x0000000609c00000, 0x0000000609c00000, 0x0000000609e00000|  0%| F|  |TAMS 0x0000000609c00000, 0x0000000609c00000| Untracked 
|  69|0x0000000609e00000, 0x0000000609e00000, 0x000000060a000000|  0%| F|  |TAMS 0x0000000609e00000, 0x0000000609e00000| Untracked 
|  70|0x000000060a000000, 0x000000060a000000, 0x000000060a200000|  0%| F|  |TAMS 0x000000060a000000, 0x000000060a000000| Untracked 
|  71|0x000000060a200000, 0x000000060a200000, 0x000000060a400000|  0%| F|  |TAMS 0x000000060a200000, 0x000000060a200000| Untracked 
|  72|0x000000060a400000, 0x000000060a400000, 0x000000060a600000|  0%| F|  |TAMS 0x000000060a400000, 0x000000060a400000| Untracked 
|  73|0x000000060a600000, 0x000000060a600000, 0x000000060a800000|  0%| F|  |TAMS 0x000000060a600000, 0x000000060a600000| Untracked 
|  74|0x000000060a800000, 0x000000060a800000, 0x000000060aa00000|  0%| F|  |TAMS 0x000000060a800000, 0x000000060a800000| Untracked 
|  75|0x000000060aa00000, 0x000000060aa00000, 0x000000060ac00000|  0%| F|  |TAMS 0x000000060aa00000, 0x000000060aa00000| Untracked 
|  76|0x000000060ac00000, 0x000000060ac00000, 0x000000060ae00000|  0%| F|  |TAMS 0x000000060ac00000, 0x000000060ac00000| Untracked 
|  77|0x000000060ae00000, 0x000000060ae00000, 0x000000060b000000|  0%| F|  |TAMS 0x000000060ae00000, 0x000000060ae00000| Untracked 
|  78|0x000000060b000000, 0x000000060b000000, 0x000000060b200000|  0%| F|  |TAMS 0x000000060b000000, 0x000000060b000000| Untracked 
|  79|0x000000060b200000, 0x000000060b200000, 0x000000060b400000|  0%| F|  |TAMS 0x000000060b200000, 0x000000060b200000| Untracked 
|  80|0x000000060b400000, 0x000000060b400000, 0x000000060b600000|  0%| F|  |TAMS 0x000000060b400000, 0x000000060b400000| Untracked 
|  81|0x000000060b600000, 0x000000060b600000, 0x000000060b800000|  0%| F|  |TAMS 0x000000060b600000, 0x000000060b600000| Untracked 
|  82|0x000000060b800000, 0x000000060b800000, 0x000000060ba00000|  0%| F|  |TAMS 0x000000060b800000, 0x000000060b800000| Untracked 
|  83|0x000000060ba00000, 0x000000060ba00000, 0x000000060bc00000|  0%| F|  |TAMS 0x000000060ba00000, 0x000000060ba00000| Untracked 
|  84|0x000000060bc00000, 0x000000060bc00000, 0x000000060be00000|  0%| F|  |TAMS 0x000000060bc00000, 0x000000060bc00000| Untracked 
|  85|0x000000060be00000, 0x000000060be00000, 0x000000060c000000|  0%| F|  |TAMS 0x000000060be00000, 0x000000060be00000| Untracked 
|  86|0x000000060c000000, 0x000000060c000000, 0x000000060c200000|  0%| F|  |TAMS 0x000000060c000000, 0x000000060c000000| Untracked 
|  87|0x000000060c200000, 0x000000060c200000, 0x000000060c400000|  0%| F|  |TAMS 0x000000060c200000, 0x000000060c200000| Untracked 
|  88|0x000000060c400000, 0x000000060c400000, 0x000000060c600000|  0%| F|  |TAMS 0x000000060c400000, 0x000000060c400000| Untracked 
|  89|0x000000060c600000, 0x000000060c600000, 0x000000060c800000|  0%| F|  |TAMS 0x000000060c600000, 0x000000060c600000| Untracked 
|  90|0x000000060c800000, 0x000000060c800000, 0x000000060ca00000|  0%| F|  |TAMS 0x000000060c800000, 0x000000060c800000| Untracked 
|  91|0x000000060ca00000, 0x000000060ca00000, 0x000000060cc00000|  0%| F|  |TAMS 0x000000060ca00000, 0x000000060ca00000| Untracked 
|  92|0x000000060cc00000, 0x000000060cc00000, 0x000000060ce00000|  0%| F|  |TAMS 0x000000060cc00000, 0x000000060cc00000| Untracked 
|  93|0x000000060ce00000, 0x000000060ce00000, 0x000000060d000000|  0%| F|  |TAMS 0x000000060ce00000, 0x000000060ce00000| Untracked 
|  94|0x000000060d000000, 0x000000060d000000, 0x000000060d200000|  0%| F|  |TAMS 0x000000060d000000, 0x000000060d000000| Untracked 
|  95|0x000000060d200000, 0x000000060d200000, 0x000000060d400000|  0%| F|  |TAMS 0x000000060d200000, 0x000000060d200000| Untracked 
|  96|0x000000060d400000, 0x000000060d400000, 0x000000060d600000|  0%| F|  |TAMS 0x000000060d400000, 0x000000060d400000| Untracked 
|  97|0x000000060d600000, 0x000000060d600000, 0x000000060d800000|  0%| F|  |TAMS 0x000000060d600000, 0x000000060d600000| Untracked 
|  98|0x000000060d800000, 0x000000060d800000, 0x000000060da00000|  0%| F|  |TAMS 0x000000060d800000, 0x000000060d800000| Untracked 
|  99|0x000000060da00000, 0x000000060da00000, 0x000000060dc00000|  0%| F|  |TAMS 0x000000060da00000, 0x000000060da00000| Untracked 
| 100|0x000000060dc00000, 0x000000060dc00000, 0x000000060de00000|  0%| F|  |TAMS 0x000000060dc00000, 0x000000060dc00000| Untracked 
| 101|0x000000060de00000, 0x000000060de00000, 0x000000060e000000|  0%| F|  |TAMS 0x000000060de00000, 0x000000060de00000| Untracked 
| 102|0x000000060e000000, 0x000000060e000000, 0x000000060e200000|  0%| F|  |TAMS 0x000000060e000000, 0x000000060e000000| Untracked 
| 103|0x000000060e200000, 0x000000060e200000, 0x000000060e400000|  0%| F|  |TAMS 0x000000060e200000, 0x000000060e200000| Untracked 
| 104|0x000000060e400000, 0x000000060e400000, 0x000000060e600000|  0%| F|  |TAMS 0x000000060e400000, 0x000000060e400000| Untracked 
| 105|0x000000060e600000, 0x000000060e600000, 0x000000060e800000|  0%| F|  |TAMS 0x000000060e600000, 0x000000060e600000| Untracked 
| 106|0x000000060e800000, 0x000000060e800000, 0x000000060ea00000|  0%| F|  |TAMS 0x000000060e800000, 0x000000060e800000| Untracked 
| 107|0x000000060ea00000, 0x000000060ea00000, 0x000000060ec00000|  0%| F|  |TAMS 0x000000060ea00000, 0x000000060ea00000| Untracked 
| 108|0x000000060ec00000, 0x000000060ec00000, 0x000000060ee00000|  0%| F|  |TAMS 0x000000060ec00000, 0x000000060ec00000| Untracked 
| 109|0x000000060ee00000, 0x000000060ee00000, 0x000000060f000000|  0%| F|  |TAMS 0x000000060ee00000, 0x000000060ee00000| Untracked 
| 110|0x000000060f000000, 0x000000060f000000, 0x000000060f200000|  0%| F|  |TAMS 0x000000060f000000, 0x000000060f000000| Untracked 
| 111|0x000000060f200000, 0x000000060f200000, 0x000000060f400000|  0%| F|  |TAMS 0x000000060f200000, 0x000000060f200000| Untracked 
| 112|0x000000060f400000, 0x000000060f400000, 0x000000060f600000|  0%| F|  |TAMS 0x000000060f400000, 0x000000060f400000| Untracked 
| 113|0x000000060f600000, 0x000000060f600000, 0x000000060f800000|  0%| F|  |TAMS 0x000000060f600000, 0x000000060f600000| Untracked 
| 114|0x000000060f800000, 0x000000060f800000, 0x000000060fa00000|  0%| F|  |TAMS 0x000000060f800000, 0x000000060f800000| Untracked 
| 115|0x000000060fa00000, 0x000000060fa00000, 0x000000060fc00000|  0%| F|  |TAMS 0x000000060fa00000, 0x000000060fa00000| Untracked 
| 116|0x000000060fc00000, 0x000000060fc00000, 0x000000060fe00000|  0%| F|  |TAMS 0x000000060fc00000, 0x000000060fc00000| Untracked 
| 117|0x000000060fe00000, 0x000000060fe00000, 0x0000000610000000|  0%| F|  |TAMS 0x000000060fe00000, 0x000000060fe00000| Untracked 
| 118|0x0000000610000000, 0x0000000610000000, 0x0000000610200000|  0%| F|  |TAMS 0x0000000610000000, 0x0000000610000000| Untracked 
| 119|0x0000000610200000, 0x0000000610200000, 0x0000000610400000|  0%| F|  |TAMS 0x0000000610200000, 0x0000000610200000| Untracked 
| 120|0x0000000610400000, 0x0000000610400000, 0x0000000610600000|  0%| F|  |TAMS 0x0000000610400000, 0x0000000610400000| Untracked 
| 121|0x0000000610600000, 0x0000000610600000, 0x0000000610800000|  0%| F|  |TAMS 0x0000000610600000, 0x0000000610600000| Untracked 
| 122|0x0000000610800000, 0x0000000610800000, 0x0000000610a00000|  0%| F|  |TAMS 0x0000000610800000, 0x0000000610800000| Untracked 
| 123|0x0000000610a00000, 0x0000000610a00000, 0x0000000610c00000|  0%| F|  |TAMS 0x0000000610a00000, 0x0000000610a00000| Untracked 
| 124|0x0000000610c00000, 0x0000000610c00000, 0x0000000610e00000|  0%| F|  |TAMS 0x0000000610c00000, 0x0000000610c00000| Untracked 
| 125|0x0000000610e00000, 0x0000000610e00000, 0x0000000611000000|  0%| F|  |TAMS 0x0000000610e00000, 0x0000000610e00000| Untracked 
| 126|0x0000000611000000, 0x0000000611000000, 0x0000000611200000|  0%| F|  |TAMS 0x0000000611000000, 0x0000000611000000| Untracked 
| 127|0x0000000611200000, 0x0000000611200000, 0x0000000611400000|  0%| F|  |TAMS 0x0000000611200000, 0x0000000611200000| Untracked 
| 128|0x0000000611400000, 0x0000000611400000, 0x0000000611600000|  0%| F|  |TAMS 0x0000000611400000, 0x0000000611400000| Untracked 
| 129|0x0000000611600000, 0x0000000611600000, 0x0000000611800000|  0%| F|  |TAMS 0x0000000611600000, 0x0000000611600000| Untracked 
| 130|0x0000000611800000, 0x0000000611800000, 0x0000000611a00000|  0%| F|  |TAMS 0x0000000611800000, 0x0000000611800000| Untracked 
| 131|0x0000000611a00000, 0x0000000611a00000, 0x0000000611c00000|  0%| F|  |TAMS 0x0000000611a00000, 0x0000000611a00000| Untracked 
| 132|0x0000000611c00000, 0x0000000611c00000, 0x0000000611e00000|  0%| F|  |TAMS 0x0000000611c00000, 0x0000000611c00000| Untracked 
| 133|0x0000000611e00000, 0x0000000611e00000, 0x0000000612000000|  0%| F|  |TAMS 0x0000000611e00000, 0x0000000611e00000| Untracked 
| 134|0x0000000612000000, 0x0000000612000000, 0x0000000612200000|  0%| F|  |TAMS 0x0000000612000000, 0x0000000612000000| Untracked 
| 135|0x0000000612200000, 0x0000000612200000, 0x0000000612400000|  0%| F|  |TAMS 0x0000000612200000, 0x0000000612200000| Untracked 
| 136|0x0000000612400000, 0x0000000612400000, 0x0000000612600000|  0%| F|  |TAMS 0x0000000612400000, 0x0000000612400000| Untracked 
| 137|0x0000000612600000, 0x0000000612600000, 0x0000000612800000|  0%| F|  |TAMS 0x0000000612600000, 0x0000000612600000| Untracked 
| 138|0x0000000612800000, 0x0000000612800000, 0x0000000612a00000|  0%| F|  |TAMS 0x0000000612800000, 0x0000000612800000| Untracked 
| 139|0x0000000612a00000, 0x0000000612a00000, 0x0000000612c00000|  0%| F|  |TAMS 0x0000000612a00000, 0x0000000612a00000| Untracked 
| 140|0x0000000612c00000, 0x0000000612c00000, 0x0000000612e00000|  0%| F|  |TAMS 0x0000000612c00000, 0x0000000612c00000| Untracked 
| 141|0x0000000612e00000, 0x0000000612e00000, 0x0000000613000000|  0%| F|  |TAMS 0x0000000612e00000, 0x0000000612e00000| Untracked 
| 142|0x0000000613000000, 0x0000000613000000, 0x0000000613200000|  0%| F|  |TAMS 0x0000000613000000, 0x0000000613000000| Untracked 
| 143|0x0000000613200000, 0x0000000613200000, 0x0000000613400000|  0%| F|  |TAMS 0x0000000613200000, 0x0000000613200000| Untracked 
| 144|0x0000000613400000, 0x0000000613400000, 0x0000000613600000|  0%| F|  |TAMS 0x0000000613400000, 0x0000000613400000| Untracked 
| 145|0x0000000613600000, 0x0000000613600000, 0x0000000613800000|  0%| F|  |TAMS 0x0000000613600000, 0x0000000613600000| Untracked 
| 146|0x0000000613800000, 0x0000000613800000, 0x0000000613a00000|  0%| F|  |TAMS 0x0000000613800000, 0x0000000613800000| Untracked 
| 147|0x0000000613a00000, 0x0000000613a00000, 0x0000000613c00000|  0%| F|  |TAMS 0x0000000613a00000, 0x0000000613a00000| Untracked 
| 148|0x0000000613c00000, 0x0000000613c00000, 0x0000000613e00000|  0%| F|  |TAMS 0x0000000613c00000, 0x0000000613c00000| Untracked 
| 149|0x0000000613e00000, 0x0000000613e00000, 0x0000000614000000|  0%| F|  |TAMS 0x0000000613e00000, 0x0000000613e00000| Untracked 
| 150|0x0000000614000000, 0x0000000614000000, 0x0000000614200000|  0%| F|  |TAMS 0x0000000614000000, 0x0000000614000000| Untracked 
| 151|0x0000000614200000, 0x0000000614200000, 0x0000000614400000|  0%| F|  |TAMS 0x0000000614200000, 0x0000000614200000| Untracked 
| 152|0x0000000614400000, 0x0000000614400000, 0x0000000614600000|  0%| F|  |TAMS 0x0000000614400000, 0x0000000614400000| Untracked 
| 153|0x0000000614600000, 0x0000000614600000, 0x0000000614800000|  0%| F|  |TAMS 0x0000000614600000, 0x0000000614600000| Untracked 
| 154|0x0000000614800000, 0x0000000614800000, 0x0000000614a00000|  0%| F|  |TAMS 0x0000000614800000, 0x0000000614800000| Untracked 
| 155|0x0000000614a00000, 0x0000000614a00000, 0x0000000614c00000|  0%| F|  |TAMS 0x0000000614a00000, 0x0000000614a00000| Untracked 
| 156|0x0000000614c00000, 0x0000000614c00000, 0x0000000614e00000|  0%| F|  |TAMS 0x0000000614c00000, 0x0000000614c00000| Untracked 
| 157|0x0000000614e00000, 0x0000000614e00000, 0x0000000615000000|  0%| F|  |TAMS 0x0000000614e00000, 0x0000000614e00000| Untracked 
| 158|0x0000000615000000, 0x0000000615000000, 0x0000000615200000|  0%| F|  |TAMS 0x0000000615000000, 0x0000000615000000| Untracked 
| 159|0x0000000615200000, 0x0000000615200000, 0x0000000615400000|  0%| F|  |TAMS 0x0000000615200000, 0x0000000615200000| Untracked 
| 160|0x0000000615400000, 0x0000000615400000, 0x0000000615600000|  0%| F|  |TAMS 0x0000000615400000, 0x0000000615400000| Untracked 
| 161|0x0000000615600000, 0x0000000615600000, 0x0000000615800000|  0%| F|  |TAMS 0x0000000615600000, 0x0000000615600000| Untracked 
| 162|0x0000000615800000, 0x0000000615800000, 0x0000000615a00000|  0%| F|  |TAMS 0x0000000615800000, 0x0000000615800000| Untracked 
| 163|0x0000000615a00000, 0x0000000615a00000, 0x0000000615c00000|  0%| F|  |TAMS 0x0000000615a00000, 0x0000000615a00000| Untracked 
| 164|0x0000000615c00000, 0x0000000615c00000, 0x0000000615e00000|  0%| F|  |TAMS 0x0000000615c00000, 0x0000000615c00000| Untracked 
| 165|0x0000000615e00000, 0x0000000615e00000, 0x0000000616000000|  0%| F|  |TAMS 0x0000000615e00000, 0x0000000615e00000| Untracked 
| 166|0x0000000616000000, 0x0000000616000000, 0x0000000616200000|  0%| F|  |TAMS 0x0000000616000000, 0x0000000616000000| Untracked 
| 167|0x0000000616200000, 0x0000000616200000, 0x0000000616400000|  0%| F|  |TAMS 0x0000000616200000, 0x0000000616200000| Untracked 
| 168|0x0000000616400000, 0x0000000616400000, 0x0000000616600000|  0%| F|  |TAMS 0x0000000616400000, 0x0000000616400000| Untracked 
| 169|0x0000000616600000, 0x0000000616600000, 0x0000000616800000|  0%| F|  |TAMS 0x0000000616600000, 0x0000000616600000| Untracked 
| 170|0x0000000616800000, 0x0000000616800000, 0x0000000616a00000|  0%| F|  |TAMS 0x0000000616800000, 0x0000000616800000| Untracked 
| 171|0x0000000616a00000, 0x0000000616a00000, 0x0000000616c00000|  0%| F|  |TAMS 0x0000000616a00000, 0x0000000616a00000| Untracked 
| 172|0x0000000616c00000, 0x0000000616c00000, 0x0000000616e00000|  0%| F|  |TAMS 0x0000000616c00000, 0x0000000616c00000| Untracked 
| 173|0x0000000616e00000, 0x0000000616e00000, 0x0000000617000000|  0%| F|  |TAMS 0x0000000616e00000, 0x0000000616e00000| Untracked 
| 174|0x0000000617000000, 0x0000000617000000, 0x0000000617200000|  0%| F|  |TAMS 0x0000000617000000, 0x0000000617000000| Untracked 
| 175|0x0000000617200000, 0x0000000617200000, 0x0000000617400000|  0%| F|  |TAMS 0x0000000617200000, 0x0000000617200000| Untracked 
| 176|0x0000000617400000, 0x0000000617400000, 0x0000000617600000|  0%| F|  |TAMS 0x0000000617400000, 0x0000000617400000| Untracked 
| 177|0x0000000617600000, 0x0000000617600000, 0x0000000617800000|  0%| F|  |TAMS 0x0000000617600000, 0x0000000617600000| Untracked 
| 178|0x0000000617800000, 0x0000000617800000, 0x0000000617a00000|  0%| F|  |TAMS 0x0000000617800000, 0x0000000617800000| Untracked 
| 179|0x0000000617a00000, 0x0000000617a00000, 0x0000000617c00000|  0%| F|  |TAMS 0x0000000617a00000, 0x0000000617a00000| Untracked 
| 180|0x0000000617c00000, 0x0000000617c00000, 0x0000000617e00000|  0%| F|  |TAMS 0x0000000617c00000, 0x0000000617c00000| Untracked 
| 181|0x0000000617e00000, 0x0000000617e00000, 0x0000000618000000|  0%| F|  |TAMS 0x0000000617e00000, 0x0000000617e00000| Untracked 
| 182|0x0000000618000000, 0x0000000618000000, 0x0000000618200000|  0%| F|  |TAMS 0x0000000618000000, 0x0000000618000000| Untracked 
| 183|0x0000000618200000, 0x0000000618200000, 0x0000000618400000|  0%| F|  |TAMS 0x0000000618200000, 0x0000000618200000| Untracked 
| 184|0x0000000618400000, 0x0000000618400000, 0x0000000618600000|  0%| F|  |TAMS 0x0000000618400000, 0x0000000618400000| Untracked 
| 185|0x0000000618600000, 0x0000000618600000, 0x0000000618800000|  0%| F|  |TAMS 0x0000000618600000, 0x0000000618600000| Untracked 
| 186|0x0000000618800000, 0x0000000618800000, 0x0000000618a00000|  0%| F|  |TAMS 0x0000000618800000, 0x0000000618800000| Untracked 
| 187|0x0000000618a00000, 0x0000000618a00000, 0x0000000618c00000|  0%| F|  |TAMS 0x0000000618a00000, 0x0000000618a00000| Untracked 
| 188|0x0000000618c00000, 0x0000000618c00000, 0x0000000618e00000|  0%| F|  |TAMS 0x0000000618c00000, 0x0000000618c00000| Untracked 
| 189|0x0000000618e00000, 0x0000000618e00000, 0x0000000619000000|  0%| F|  |TAMS 0x0000000618e00000, 0x0000000618e00000| Untracked 
| 190|0x0000000619000000, 0x0000000619000000, 0x0000000619200000|  0%| F|  |TAMS 0x0000000619000000, 0x0000000619000000| Untracked 
| 191|0x0000000619200000, 0x0000000619200000, 0x0000000619400000|  0%| F|  |TAMS 0x0000000619200000, 0x0000000619200000| Untracked 
| 192|0x0000000619400000, 0x0000000619400000, 0x0000000619600000|  0%| F|  |TAMS 0x0000000619400000, 0x0000000619400000| Untracked 
| 193|0x0000000619600000, 0x0000000619600000, 0x0000000619800000|  0%| F|  |TAMS 0x0000000619600000, 0x0000000619600000| Untracked 
| 194|0x0000000619800000, 0x0000000619800000, 0x0000000619a00000|  0%| F|  |TAMS 0x0000000619800000, 0x0000000619800000| Untracked 
| 195|0x0000000619a00000, 0x0000000619a00000, 0x0000000619c00000|  0%| F|  |TAMS 0x0000000619a00000, 0x0000000619a00000| Untracked 
| 196|0x0000000619c00000, 0x0000000619c00000, 0x0000000619e00000|  0%| F|  |TAMS 0x0000000619c00000, 0x0000000619c00000| Untracked 
| 197|0x0000000619e00000, 0x0000000619e00000, 0x000000061a000000|  0%| F|  |TAMS 0x0000000619e00000, 0x0000000619e00000| Untracked 
| 198|0x000000061a000000, 0x000000061a000000, 0x000000061a200000|  0%| F|  |TAMS 0x000000061a000000, 0x000000061a000000| Untracked 
| 199|0x000000061a200000, 0x000000061a200000, 0x000000061a400000|  0%| F|  |TAMS 0x000000061a200000, 0x000000061a200000| Untracked 
| 200|0x000000061a400000, 0x000000061a400000, 0x000000061a600000|  0%| F|  |TAMS 0x000000061a400000, 0x000000061a400000| Untracked 
| 201|0x000000061a600000, 0x000000061a600000, 0x000000061a800000|  0%| F|  |TAMS 0x000000061a600000, 0x000000061a600000| Untracked 
| 202|0x000000061a800000, 0x000000061a800000, 0x000000061aa00000|  0%| F|  |TAMS 0x000000061a800000, 0x000000061a800000| Untracked 
| 203|0x000000061aa00000, 0x000000061aa00000, 0x000000061ac00000|  0%| F|  |TAMS 0x000000061aa00000, 0x000000061aa00000| Untracked 
| 204|0x000000061ac00000, 0x000000061ac00000, 0x000000061ae00000|  0%| F|  |TAMS 0x000000061ac00000, 0x000000061ac00000| Untracked 
| 205|0x000000061ae00000, 0x000000061ae00000, 0x000000061b000000|  0%| F|  |TAMS 0x000000061ae00000, 0x000000061ae00000| Untracked 
| 206|0x000000061b000000, 0x000000061b000000, 0x000000061b200000|  0%| F|  |TAMS 0x000000061b000000, 0x000000061b000000| Untracked 
| 207|0x000000061b200000, 0x000000061b200000, 0x000000061b400000|  0%| F|  |TAMS 0x000000061b200000, 0x000000061b200000| Untracked 
| 208|0x000000061b400000, 0x000000061b400000, 0x000000061b600000|  0%| F|  |TAMS 0x000000061b400000, 0x000000061b400000| Untracked 
| 209|0x000000061b600000, 0x000000061b600000, 0x000000061b800000|  0%| F|  |TAMS 0x000000061b600000, 0x000000061b600000| Untracked 
| 210|0x000000061b800000, 0x000000061b800000, 0x000000061ba00000|  0%| F|  |TAMS 0x000000061b800000, 0x000000061b800000| Untracked 
| 211|0x000000061ba00000, 0x000000061ba00000, 0x000000061bc00000|  0%| F|  |TAMS 0x000000061ba00000, 0x000000061ba00000| Untracked 
| 212|0x000000061bc00000, 0x000000061bc00000, 0x000000061be00000|  0%| F|  |TAMS 0x000000061bc00000, 0x000000061bc00000| Untracked 
| 213|0x000000061be00000, 0x000000061be00000, 0x000000061c000000|  0%| F|  |TAMS 0x000000061be00000, 0x000000061be00000| Untracked 
| 214|0x000000061c000000, 0x000000061c000000, 0x000000061c200000|  0%| F|  |TAMS 0x000000061c000000, 0x000000061c000000| Untracked 
| 215|0x000000061c200000, 0x000000061c200000, 0x000000061c400000|  0%| F|  |TAMS 0x000000061c200000, 0x000000061c200000| Untracked 
| 216|0x000000061c400000, 0x000000061c400000, 0x000000061c600000|  0%| F|  |TAMS 0x000000061c400000, 0x000000061c400000| Untracked 
| 217|0x000000061c600000, 0x000000061c600000, 0x000000061c800000|  0%| F|  |TAMS 0x000000061c600000, 0x000000061c600000| Untracked 
| 218|0x000000061c800000, 0x000000061c800000, 0x000000061ca00000|  0%| F|  |TAMS 0x000000061c800000, 0x000000061c800000| Untracked 
| 219|0x000000061ca00000, 0x000000061ca00000, 0x000000061cc00000|  0%| F|  |TAMS 0x000000061ca00000, 0x000000061ca00000| Untracked 
| 220|0x000000061cc00000, 0x000000061cc00000, 0x000000061ce00000|  0%| F|  |TAMS 0x000000061cc00000, 0x000000061cc00000| Untracked 
| 221|0x000000061ce00000, 0x000000061ce00000, 0x000000061d000000|  0%| F|  |TAMS 0x000000061ce00000, 0x000000061ce00000| Untracked 
| 222|0x000000061d000000, 0x000000061d000000, 0x000000061d200000|  0%| F|  |TAMS 0x000000061d000000, 0x000000061d000000| Untracked 
| 223|0x000000061d200000, 0x000000061d200000, 0x000000061d400000|  0%| F|  |TAMS 0x000000061d200000, 0x000000061d200000| Untracked 
| 224|0x000000061d400000, 0x000000061d400000, 0x000000061d600000|  0%| F|  |TAMS 0x000000061d400000, 0x000000061d400000| Untracked 
| 225|0x000000061d600000, 0x000000061d600000, 0x000000061d800000|  0%| F|  |TAMS 0x000000061d600000, 0x000000061d600000| Untracked 
| 226|0x000000061d800000, 0x000000061d800000, 0x000000061da00000|  0%| F|  |TAMS 0x000000061d800000, 0x000000061d800000| Untracked 
| 227|0x000000061da00000, 0x000000061da00000, 0x000000061dc00000|  0%| F|  |TAMS 0x000000061da00000, 0x000000061da00000| Untracked 
| 228|0x000000061dc00000, 0x000000061dc00000, 0x000000061de00000|  0%| F|  |TAMS 0x000000061dc00000, 0x000000061dc00000| Untracked 
| 229|0x000000061de00000, 0x000000061de00000, 0x000000061e000000|  0%| F|  |TAMS 0x000000061de00000, 0x000000061de00000| Untracked 
| 230|0x000000061e000000, 0x000000061e000000, 0x000000061e200000|  0%| F|  |TAMS 0x000000061e000000, 0x000000061e000000| Untracked 
| 231|0x000000061e200000, 0x000000061e200000, 0x000000061e400000|  0%| F|  |TAMS 0x000000061e200000, 0x000000061e200000| Untracked 
| 232|0x000000061e400000, 0x000000061e400000, 0x000000061e600000|  0%| F|  |TAMS 0x000000061e400000, 0x000000061e400000| Untracked 
| 233|0x000000061e600000, 0x000000061e600000, 0x000000061e800000|  0%| F|  |TAMS 0x000000061e600000, 0x000000061e600000| Untracked 
| 234|0x000000061e800000, 0x000000061e800000, 0x000000061ea00000|  0%| F|  |TAMS 0x000000061e800000, 0x000000061e800000| Untracked 
| 235|0x000000061ea00000, 0x000000061ea00000, 0x000000061ec00000|  0%| F|  |TAMS 0x000000061ea00000, 0x000000061ea00000| Untracked 
| 236|0x000000061ec00000, 0x000000061ec00000, 0x000000061ee00000|  0%| F|  |TAMS 0x000000061ec00000, 0x000000061ec00000| Untracked 
| 237|0x000000061ee00000, 0x000000061ee00000, 0x000000061f000000|  0%| F|  |TAMS 0x000000061ee00000, 0x000000061ee00000| Untracked 
| 238|0x000000061f000000, 0x000000061f000000, 0x000000061f200000|  0%| F|  |TAMS 0x000000061f000000, 0x000000061f000000| Untracked 
| 239|0x000000061f200000, 0x000000061f200000, 0x000000061f400000|  0%| F|  |TAMS 0x000000061f200000, 0x000000061f200000| Untracked 
| 240|0x000000061f400000, 0x000000061f400000, 0x000000061f600000|  0%| F|  |TAMS 0x000000061f400000, 0x000000061f400000| Untracked 
| 241|0x000000061f600000, 0x000000061f600000, 0x000000061f800000|  0%| F|  |TAMS 0x000000061f600000, 0x000000061f600000| Untracked 
| 242|0x000000061f800000, 0x000000061f941f78, 0x000000061fa00000| 62%| S|CS|TAMS 0x000000061f800000, 0x000000061f800000| Complete 
| 243|0x000000061fa00000, 0x000000061fc00000, 0x000000061fc00000|100%| S|CS|TAMS 0x000000061fa00000, 0x000000061fa00000| Complete 
| 244|0x000000061fc00000, 0x000000061fd00800, 0x000000061fe00000| 50%| E|  |TAMS 0x000000061fc00000, 0x000000061fc00000| Complete 
| 245|0x000000061fe00000, 0x0000000620000000, 0x0000000620000000|100%| E|CS|TAMS 0x000000061fe00000, 0x000000061fe00000| Complete 
| 246|0x0000000620000000, 0x0000000620200000, 0x0000000620200000|100%| E|CS|TAMS 0x0000000620000000, 0x0000000620000000| Complete 
| 247|0x0000000620200000, 0x0000000620400000, 0x0000000620400000|100%| E|CS|TAMS 0x0000000620200000, 0x0000000620200000| Complete 
| 248|0x0000000620400000, 0x0000000620600000, 0x0000000620600000|100%| E|CS|TAMS 0x0000000620400000, 0x0000000620400000| Complete 
| 249|0x0000000620600000, 0x0000000620800000, 0x0000000620800000|100%| E|CS|TAMS 0x0000000620600000, 0x0000000620600000| Complete 
| 250|0x0000000620800000, 0x0000000620a00000, 0x0000000620a00000|100%| E|CS|TAMS 0x0000000620800000, 0x0000000620800000| Complete 
| 251|0x0000000620a00000, 0x0000000620c00000, 0x0000000620c00000|100%| E|CS|TAMS 0x0000000620a00000, 0x0000000620a00000| Complete 
| 252|0x0000000620c00000, 0x0000000620e00000, 0x0000000620e00000|100%| E|CS|TAMS 0x0000000620c00000, 0x0000000620c00000| Complete 
| 253|0x0000000620e00000, 0x0000000621000000, 0x0000000621000000|100%| E|CS|TAMS 0x0000000620e00000, 0x0000000620e00000| Complete 
| 254|0x0000000621000000, 0x0000000621200000, 0x0000000621200000|100%| E|CS|TAMS 0x0000000621000000, 0x0000000621000000| Complete 
| 255|0x0000000621200000, 0x0000000621400000, 0x0000000621400000|100%| E|CS|TAMS 0x0000000621200000, 0x0000000621200000| Complete 

Card table byte_map: [0x0000023e672a0000,0x0000023e682a0000] _byte_map_base: 0x0000023e64296000

Marking Bits (Prev, Next): (CMBitMap*) 0x0000023e4cdc5798, (CMBitMap*) 0x0000023e4cdc57d8
 Prev Bits: [0x0000023e692a0000, 0x0000023e71250000)
 Next Bits: [0x0000023e71250000, 0x0000023e79200000)

Polling page: 0x0000023e4ce20000

Metaspace:

Usage:
  Non-class:      7.19 MB capacity,     6.70 MB ( 93%) used,   488.38 KB (  7%) free+waste,     9.88 KB ( <1%) overhead. 
      Class:    874.00 KB capacity,   800.08 KB ( 92%) used,    68.98 KB (  8%) free+waste,     4.94 KB ( <1%) overhead. 
       Both:      8.04 MB capacity,     7.48 MB ( 93%) used,   557.36 KB (  7%) free+waste,    14.81 KB ( <1%) overhead. 

Virtual space:
  Non-class space:       12.00 MB reserved,       7.25 MB ( 60%) committed 
      Class space:        1.00 GB reserved,     896.00 KB ( <1%) committed 
             Both:        1.01 GB reserved,       8.13 MB ( <1%) committed 

Chunk freelists:
   Non-Class:  2.00 KB
       Class:  22.00 KB
        Both:  24.00 KB

MaxMetaspaceSize: 17179869184.00 GB
CompressedClassSpaceSize: 1.00 GB

CodeHeap 'non-profiled nmethods': size=120000Kb used=460Kb max_used=460Kb free=119539Kb
 bounds [0x0000023e5e520000, 0x0000023e5e790000, 0x0000023e65a50000]
CodeHeap 'profiled nmethods': size=120000Kb used=3032Kb max_used=3032Kb free=116967Kb
 bounds [0x0000023e56ff0000, 0x0000023e572f0000, 0x0000023e5e520000]
CodeHeap 'non-nmethods': size=5760Kb used=1252Kb max_used=1268Kb free=4507Kb
 bounds [0x0000023e56a50000, 0x0000023e56cc0000, 0x0000023e56ff0000]
 total_blobs=2307 nmethods=1313 adapters=335
 compilation: enabled
              stopped_count=0, restarted_count=0
 full_count=0

Compilation events (20 events):
Event: 1.646 Thread 0x0000023e7c499800 nmethod 1265 0x0000023e572c4a90 code [0x0000023e572c4f00, 0x0000023e572c7650]
Event: 1.646 Thread 0x0000023e7c499800 1266       3       java.lang.reflect.ProxyGenerator$ConstantPool$IndirectEntry::write (61 bytes)
Event: 1.646 Thread 0x0000023e7c499800 nmethod 1266 0x0000023e572c8110 code [0x0000023e572c8340, 0x0000023e572c8d90]
Event: 1.647 Thread 0x0000023e7c490800 1268       4       org.eclipse.jdt.launching.internal.org.objectweb.asm.ClassReader::readMethod (1061 bytes)
Event: 1.653 Thread 0x0000023e7c499800 1270       3       java.util.jar.Attributes$Name::hash (148 bytes)
Event: 1.654 Thread 0x0000023e7c499800 nmethod 1270 0x0000023e572c9090 code [0x0000023e572c9340, 0x0000023e572ca1b0]
Event: 1.662 Thread 0x0000023e7c499800 1271       3       java.lang.Class::reflectionData (43 bytes)
Event: 1.663 Thread 0x0000023e7c499800 nmethod 1271 0x0000023e572ca790 code [0x0000023e572ca960, 0x0000023e572cae00]
Event: 1.663 Thread 0x0000023e7c499800 1272       3       java.lang.String::hashCode (60 bytes)
Event: 1.663 Thread 0x0000023e7c499800 nmethod 1272 0x0000023e572caf90 code [0x0000023e572cb160, 0x0000023e572cb650]
Event: 1.664 Thread 0x0000023e7c499800 1273       3       org.eclipse.jdt.launching.internal.org.objectweb.asm.ClassReader::readUtf (161 bytes)
Event: 1.664 Thread 0x0000023e7c499800 nmethod 1273 0x0000023e572cb810 code [0x0000023e572cba20, 0x0000023e572cc0a0]
Event: 1.664 Thread 0x0000023e7c499800 1274       3       java.lang.StringUTF16::compress (50 bytes)
Event: 1.665 Thread 0x0000023e7c499800 nmethod 1274 0x0000023e572cc490 code [0x0000023e572cc640, 0x0000023e572cc8d8]
Event: 1.666 Thread 0x0000023e7c499800 1276       1       java.util.logging.LogManager$LoggerContext::getOwner (5 bytes)
Event: 1.666 Thread 0x0000023e7c499800 nmethod 1276 0x0000023e5e591990 code [0x0000023e5e591b20, 0x0000023e5e591c58]
Event: 1.667 Thread 0x0000023e7c499800 1277       3       org.eclipse.jdt.launching.internal.org.objectweb.asm.ClassVisitor::visitEnd (15 bytes)
Event: 1.667 Thread 0x0000023e7c499800 nmethod 1277 0x0000023e572cca90 code [0x0000023e572ccc40, 0x0000023e572cced0]
Event: 1.667 Thread 0x0000023e7c499800 1278       3       org.eclipse.jdt.launching.internal.org.objectweb.asm.ClassWriter::visitEnd (1 bytes)
Event: 1.667 Thread 0x0000023e7c499800 nmethod 1278 0x0000023e572ccf90 code [0x0000023e572cd120, 0x0000023e572cd298]

GC Heap History (2 events):
Event: 1.424 GC heap before
{Heap before GC invocations=0 (full 0):
 garbage-first heap   total 524288K, used 22528K [0x0000000601400000, 0x0000000800000000)
  region size 2048K, 12 young (24576K), 0 survivors (0K)
 Metaspace       used 5356K, capacity 6570K, committed 6784K, reserved 1056768K
  class space    used 503K, capacity 640K, committed 640K, reserved 1048576K
}
Event: 1.429 GC heap after
{Heap after GC invocations=1 (full 0):
 garbage-first heap   total 524288K, used 3335K [0x0000000601400000, 0x0000000800000000)
  region size 2048K, 2 young (4096K), 2 survivors (4096K)
 Metaspace       used 5356K, capacity 6570K, committed 6784K, reserved 1056768K
  class space    used 503K, capacity 640K, committed 640K, reserved 1048576K
}

Deoptimization events (20 events):
Event: 1.670 Thread 0x0000023e4cd3c000 DEOPT PACKING pc=0x0000023e57205334 sp=0x000000c1642fca20
Event: 1.670 Thread 0x0000023e4cd3c000 DEOPT UNPACKING pc=0x0000023e56a9964e sp=0x000000c1642fbe20 mode 1
Event: 1.670 Thread 0x0000023e4cd3c000 DEOPT PACKING pc=0x0000023e57241ccc sp=0x000000c1642fa960
Event: 1.670 Thread 0x0000023e4cd3c000 DEOPT UNPACKING pc=0x0000023e56a9964e sp=0x000000c1642f9df8 mode 1
Event: 1.670 Thread 0x0000023e4cd3c000 DEOPT PACKING pc=0x0000023e57278dfc sp=0x000000c1642faa30
Event: 1.670 Thread 0x0000023e4cd3c000 DEOPT UNPACKING pc=0x0000023e56a9964e sp=0x000000c1642f9fb8 mode 1
Event: 1.670 Thread 0x0000023e4cd3c000 DEOPT PACKING pc=0x0000023e5727bbd1 sp=0x000000c1642faa90
Event: 1.670 Thread 0x0000023e4cd3c000 DEOPT UNPACKING pc=0x0000023e56a9964e sp=0x000000c1642f9f48 mode 1
Event: 1.671 Thread 0x0000023e4cd3c000 DEOPT PACKING pc=0x0000023e57205334 sp=0x000000c1642fabb0
Event: 1.671 Thread 0x0000023e4cd3c000 DEOPT UNPACKING pc=0x0000023e56a9964e sp=0x000000c1642f9fb0 mode 1
Event: 1.671 Thread 0x0000023e4cd3c000 DEOPT PACKING pc=0x0000023e57241ccc sp=0x000000c1642fcf20
Event: 1.671 Thread 0x0000023e4cd3c000 DEOPT UNPACKING pc=0x0000023e56a9964e sp=0x000000c1642fc3b8 mode 1
Event: 1.671 Thread 0x0000023e4cd3c000 DEOPT PACKING pc=0x0000023e57278dfc sp=0x000000c1642fcff0
Event: 1.671 Thread 0x0000023e4cd3c000 DEOPT UNPACKING pc=0x0000023e56a9964e sp=0x000000c1642fc578 mode 1
Event: 1.671 Thread 0x0000023e4cd3c000 DEOPT PACKING pc=0x0000023e5727bbd1 sp=0x000000c1642fd050
Event: 1.671 Thread 0x0000023e4cd3c000 DEOPT UNPACKING pc=0x0000023e56a9964e sp=0x000000c1642fc508 mode 1
Event: 1.671 Thread 0x0000023e4cd3c000 DEOPT PACKING pc=0x0000023e57205334 sp=0x000000c1642fd170
Event: 1.671 Thread 0x0000023e4cd3c000 DEOPT UNPACKING pc=0x0000023e56a9964e sp=0x000000c1642fc570 mode 1
Event: 1.672 Thread 0x0000023e4cd3c000 DEOPT PACKING pc=0x0000023e57241ccc sp=0x000000c1642f8f50
Event: 1.672 Thread 0x0000023e4cd3c000 DEOPT UNPACKING pc=0x0000023e56a9964e sp=0x000000c1642f83e8 mode 1

Classes unloaded (0 events):
No events

Classes redefined (0 events):
No events

Internal exceptions (3 events):
Event: 0.973 Thread 0x0000023e4cd3c000 Exception <a 'java/lang/NoSuchMethodError'{0x0000000620a29b18}: 'int java.lang.invoke.DirectMethodHandle$Holder.invokeSpecialIFC(java.lang.Object, java.lang.Object, int)'> (0x0000000620a29b18) 
thrown [t:/workspace/open/src/hotspot/share/interpreter/linkResolver.cpp, line 767]
Event: 1.014 Thread 0x0000023e4cd3c000 Exception <a 'java/lang/NoSuchMethodError'{0x0000000620be8b10}: 'java.lang.Object java.lang.invoke.DirectMethodHandle$Holder.invokeStaticInit(java.lang.Object, int, int, int, int)'> (0x0000000620be8b10) 
thrown [t:/workspace/open/src/hotspot/share/interpreter/linkResolver.cpp, line 767]
Event: 1.203 Thread 0x0000023e4cd3c000 Exception <a 'java/lang/NoSuchMethodError'{0x00000006208f9c20}: 'java.lang.Object java.lang.invoke.DirectMethodHandle$Holder.invokeStaticInit(java.lang.Object, java.lang.Object, int, int, int, int)'> (0x00000006208f9c20) 
thrown [t:/workspace/open/src/hotspot/share/interpreter/linkResolver.cpp, line 767]

Events (20 events):
Event: 1.669 loading class com/google/common/util/concurrent/AbstractFuture$Failure
Event: 1.669 loading class com/google/common/util/concurrent/AbstractFuture$Failure done
Event: 1.669 loading class java/util/concurrent/TimeUnit$1
Event: 1.669 loading class java/util/concurrent/TimeUnit$1 done
Event: 1.669 loading class com/google/common/cache/LocalCache$StrongValueReference
Event: 1.669 loading class com/google/common/cache/LocalCache$StrongValueReference done
Event: 1.670 loading class com/google/inject/Key$AnnotationTypeStrategy
Event: 1.670 loading class com/google/inject/Key$AnnotationTypeStrategy done
Event: 1.670 loading class com/google/inject/internal/MoreTypes$GenericArrayTypeImpl
Event: 1.670 loading class com/google/inject/internal/MoreTypes$GenericArrayTypeImpl done
Event: 1.670 loading class com/google/inject/internal/MoreTypes$CompositeType
Event: 1.670 loading class com/google/inject/internal/MoreTypes$CompositeType done
Event: 1.671 loading class java/lang/reflect/ParameterizedType
Event: 1.671 loading class java/lang/reflect/ParameterizedType done
Event: 1.671 loading class com/google/inject/spi/InjectionPoint
Event: 1.671 loading class com/google/inject/spi/InjectionPoint done
Event: 1.672 Executing VM operation: CollectForMetadataAllocation
Event: 1.672 Executing VM operation: CollectForMetadataAllocation done
Event: 1.672 loading class com/google/common/collect/Ordering
Event: 1.672 loading class com/google/common/collect/Ordering done


Dynamic libraries:
0x00007ff688b90000 - 0x00007ff688b9f000 	C:\Program Files\Java\jdk-13.0.2\bin\javaw.exe
0x00007ffbe7510000 - 0x00007ffbe7705000 	C:\WINDOWS\SYSTEM32\ntdll.dll
0x00007ffbe5730000 - 0x00007ffbe57ee000 	C:\WINDOWS\System32\KERNEL32.DLL
0x00007ffbe4ee0000 - 0x00007ffbe51a9000 	C:\WINDOWS\System32\KERNELBASE.dll
0x00007ffbe4cd0000 - 0x00007ffbe4dd0000 	C:\WINDOWS\System32\ucrtbase.dll
0x00007ffbdaaa0000 - 0x00007ffbdaab8000 	C:\Program Files\Java\jdk-13.0.2\bin\jli.dll
0x00007ffbd2050000 - 0x00007ffbd2065000 	C:\Program Files\Java\jdk-13.0.2\bin\VCRUNTIME140.dll
0x00007ffbe5a60000 - 0x00007ffbe5b0c000 	C:\WINDOWS\System32\ADVAPI32.dll
0x00007ffbe5920000 - 0x00007ffbe59be000 	C:\WINDOWS\System32\msvcrt.dll
0x00007ffbe5690000 - 0x00007ffbe572b000 	C:\WINDOWS\System32\sechost.dll
0x00007ffbe64a0000 - 0x00007ffbe65ca000 	C:\WINDOWS\System32\RPCRT4.dll
0x00007ffbe6860000 - 0x00007ffbe6a01000 	C:\WINDOWS\System32\USER32.dll
0x00007ffbd2140000 - 0x00007ffbd23da000 	C:\WINDOWS\WinSxS\amd64_microsoft.windows.common-controls_6595b64144ccf1df_6.0.19041.1110_none_60b5254171f9507e\COMCTL32.dll
0x00007ffbe5410000 - 0x00007ffbe5432000 	C:\WINDOWS\System32\win32u.dll
0x00007ffbe6780000 - 0x00007ffbe67ab000 	C:\WINDOWS\System32\GDI32.dll
0x00007ffbe4dd0000 - 0x00007ffbe4edb000 	C:\WINDOWS\System32\gdi32full.dll
0x00007ffbdc430000 - 0x00007ffbdc43a000 	C:\WINDOWS\SYSTEM32\VERSION.dll
0x00007ffbe4c30000 - 0x00007ffbe4ccd000 	C:\WINDOWS\System32\msvcp_win.dll
0x00007ffbe73b0000 - 0x00007ffbe73e0000 	C:\WINDOWS\System32\IMM32.DLL
0x00007ffbc5480000 - 0x00007ffbc551b000 	C:\Program Files\Java\jdk-13.0.2\bin\msvcp140.dll
0x00007ffbb3e70000 - 0x00007ffbb49cd000 	C:\Program Files\Java\jdk-13.0.2\bin\server\jvm.dll
0x00007ffbe5910000 - 0x00007ffbe5918000 	C:\WINDOWS\System32\PSAPI.DLL
0x00007ffbcfbd0000 - 0x00007ffbcfbd9000 	C:\WINDOWS\SYSTEM32\WSOCK32.dll
0x00007ffbe6370000 - 0x00007ffbe63db000 	C:\WINDOWS\System32\WS2_32.dll
0x00007ffbdb670000 - 0x00007ffbdb697000 	C:\WINDOWS\SYSTEM32\WINMM.dll
0x00007ffbe2a70000 - 0x00007ffbe2a82000 	C:\WINDOWS\SYSTEM32\kernel.appcore.dll
0x00007ffbdaa50000 - 0x00007ffbdaa60000 	C:\Program Files\Java\jdk-13.0.2\bin\verify.dll
0x00007ffbccff0000 - 0x00007ffbcd1d4000 	C:\WINDOWS\SYSTEM32\DBGHELP.DLL
0x00007ffbccf20000 - 0x00007ffbccf4c000 	C:\WINDOWS\SYSTEM32\dbgcore.DLL
0x00007ffbe54d0000 - 0x00007ffbe5553000 	C:\WINDOWS\System32\bcryptPrimitives.dll
0x00007ffbd2020000 - 0x00007ffbd2046000 	C:\Program Files\Java\jdk-13.0.2\bin\java.dll
0x00007ffbd1ca0000 - 0x00007ffbd1cd8000 	C:\Program Files\Java\jdk-13.0.2\bin\jdwp.dll
0x00007ffbd1940000 - 0x00007ffbd194e000 	C:\Program Files\Java\jdk-13.0.2\bin\instrument.dll
0x00007ffbce320000 - 0x00007ffbce337000 	C:\Program Files\Java\jdk-13.0.2\bin\zip.dll
0x00007ffbd1930000 - 0x00007ffbd193a000 	C:\Program Files\Java\jdk-13.0.2\bin\jimage.dll
0x00007ffbe6c70000 - 0x00007ffbe73af000 	C:\WINDOWS\System32\SHELL32.dll
0x00007ffbe2d50000 - 0x00007ffbe34e0000 	C:\WINDOWS\SYSTEM32\windows.storage.dll
0x00007ffbe5f90000 - 0x00007ffbe62e5000 	C:\WINDOWS\System32\combase.dll
0x00007ffbe4680000 - 0x00007ffbe46ac000 	C:\WINDOWS\SYSTEM32\Wldp.dll
0x00007ffbe6a10000 - 0x00007ffbe6abe000 	C:\WINDOWS\System32\SHCORE.dll
0x00007ffbe63e0000 - 0x00007ffbe6435000 	C:\WINDOWS\System32\shlwapi.dll
0x00007ffbe4b70000 - 0x00007ffbe4b8f000 	C:\WINDOWS\SYSTEM32\profapi.dll
0x00007ffbcf4b0000 - 0x00007ffbcf4bb000 	C:\Program Files\Java\jdk-13.0.2\bin\dt_socket.dll
0x00007ffbe43e0000 - 0x00007ffbe444a000 	C:\WINDOWS\system32\mswsock.dll
0x00007ffbe40d0000 - 0x00007ffbe419c000 	C:\WINDOWS\SYSTEM32\DNSAPI.dll
0x00007ffbe4080000 - 0x00007ffbe40bb000 	C:\WINDOWS\SYSTEM32\IPHLPAPI.DLL
0x00007ffbe73e0000 - 0x00007ffbe73e8000 	C:\WINDOWS\System32\NSI.dll
0x00007ffbdb830000 - 0x00007ffbdb83a000 	C:\Windows\System32\rasadhlp.dll
0x00007ffbdb280000 - 0x00007ffbdb2ff000 	C:\WINDOWS\System32\fwpuclnt.dll
0x00007ffbe5440000 - 0x00007ffbe5467000 	C:\WINDOWS\System32\bcrypt.dll
0x00007ffbcce70000 - 0x00007ffbcce89000 	C:\Program Files\Java\jdk-13.0.2\bin\net.dll
0x00007ffbd87b0000 - 0x00007ffbd88b8000 	C:\WINDOWS\SYSTEM32\WINHTTP.dll
0x00007ffbcce50000 - 0x00007ffbcce63000 	C:\Program Files\Java\jdk-13.0.2\bin\nio.dll
0x00007ffbe45d0000 - 0x00007ffbe45e8000 	C:\WINDOWS\SYSTEM32\CRYPTSP.dll
0x00007ffbe3c90000 - 0x00007ffbe3cc4000 	C:\WINDOWS\system32\rsaenh.dll
0x00007ffbe4b30000 - 0x00007ffbe4b5e000 	C:\WINDOWS\SYSTEM32\USERENV.dll
0x00007ffbe45f0000 - 0x00007ffbe45fc000 	C:\WINDOWS\SYSTEM32\CRYPTBASE.dll
0x00007ffbde600000 - 0x00007ffbde617000 	C:\WINDOWS\SYSTEM32\dhcpcsvc6.DLL
0x00007ffbde5e0000 - 0x00007ffbde5fd000 	C:\WINDOWS\SYSTEM32\dhcpcsvc.DLL
0x00007ffbce2b0000 - 0x00007ffbce2ba000 	C:\Users\banme\AppData\Local\Temp\jansi-1.17.1-3251612692879709673.dll
0x00007ffbce280000 - 0x00007ffbce28a000 	C:\Users\banme\AppData\Local\Temp\jansi-1.17.1-15994098480220784889.dll

dbghelp: loaded successfully - version: 4.0.5 - missing functions: none
symbol engine: initialized successfully - sym options: 0x614 - pdb path: .;C:\Program Files\Java\jdk-13.0.2\bin;C:\WINDOWS\SYSTEM32;C:\WINDOWS\WinSxS\amd64_microsoft.windows.common-controls_6595b64144ccf1df_6.0.19041.1110_none_60b5254171f9507e;C:\Program Files\Java\jdk-13.0.2\bin\server;C:\Users\banme\AppData\Local\Temp

VM Arguments:
jvm_args: -agentlib:jdwp=transport=dt_socket,suspend=y,address=localhost:63963 -Dmaven.home=EMBEDDED -Dclassworlds.conf=C:\Users\banme\FFT_Battleground_bot\.metadata\.plugins\org.eclipse.m2e.launching\launches\m2conf17659921018343105656.tmp -Dmaven.multiModuleProjectDirectory=C:\Users\banme\FFT_Battleground_bot\FFT_BattleGround_Databot -javaagent:C:\Users\banme\eclipse\jee-2021-06\eclipse\configuration\org.eclipse.osgi\415\0\.cp\lib\javaagent-shaded.jar -Dfile.encoding=Cp1252 
java_command: org.codehaus.plexus.classworlds.launcher.Launcher -PLOCAL -B -Dmaven.test.skip=true -DskipTests clean install
java_class_path (initial): C:\Users\banme\.p2\pool\plugins\org.eclipse.m2e.maven.runtime_1.18.0.20210603-1206\jars\plexus-classworlds-2.6.0.jar
Launcher Type: SUN_STANDARD

[Global flags]
     intx CICompilerCount                          = 3                                         {product} {ergonomic}
     uint ConcGCThreads                            = 2                                         {product} {ergonomic}
     uint G1ConcRefinementThreads                  = 6                                         {product} {ergonomic}
   size_t G1HeapRegionSize                         = 2097152                                   {product} {ergonomic}
    uintx GCDrainStackTargetSize                   = 64                                        {product} {ergonomic}
   size_t InitialHeapSize                          = 536870912                                 {product} {ergonomic}
   size_t MarkStackSize                            = 4194304                                   {product} {ergonomic}
   size_t MaxHeapSize                              = 8568963072                                {product} {ergonomic}
   size_t MaxNewSize                               = 5140119552                                {product} {ergonomic}
   size_t MinHeapDeltaBytes                        = 2097152                                   {product} {ergonomic}
   size_t MinHeapSize                              = 8388608                                   {product} {ergonomic}
    uintx NonNMethodCodeHeapSize                   = 5832780                                {pd product} {ergonomic}
    uintx NonProfiledCodeHeapSize                  = 122912730                              {pd product} {ergonomic}
    uintx ProfiledCodeHeapSize                     = 122912730                              {pd product} {ergonomic}
    uintx ReservedCodeCacheSize                    = 251658240                              {pd product} {ergonomic}
     bool SegmentedCodeCache                       = true                                      {product} {ergonomic}
   size_t SoftMaxHeapSize                          = 8568963072                             {manageable} {ergonomic}
     bool UseCompressedClassPointers               = true                                 {lp64_product} {ergonomic}
     bool UseCompressedOops                        = true                                 {lp64_product} {ergonomic}
     bool UseG1GC                                  = true                                      {product} {ergonomic}
     bool UseLargePagesIndividualAllocation        = false                                  {pd product} {ergonomic}

Logging:
Log output configuration:
 #0: stdout all=warning uptime,level,tags
 #1: stderr all=off uptime,level,tags

Environment Variables:
JAVA_HOME=C:\Program Files\Java\jdk-13.0.2
PATH=C:/Users/banme/.p2/pool/plugins/org.eclipse.justj.openjdk.hotspot.jre.full.win32.x86_64_16.0.1.v20210528-1205/jre/bin/server;C:/Users/banme/.p2/pool/plugins/org.eclipse.justj.openjdk.hotspot.jre.full.win32.x86_64_16.0.1.v20210528-1205/jre/bin;C:\Python39\Scripts\;C:\Python39\;C:\Program Files (x86)\Common Files\Oracle\Java\javapath;C:\Program Files (x86)\Razer Chroma SDK\bin;C:\Program Files\Razer Chroma SDK\bin;C:\Program Files (x86)\Razer\ChromaBroadcast\bin;C:\Program Files\Razer\ChromaBroadcast\bin;C:\Windows\system32;C:\Windows;C:\Windows\System32\Wbem;C:\Windows\System32\WindowsPowerShell\v1.0\;C:\Windows\System32\OpenSSH\;C:\Program Files (x86)\NVIDIA Corporation\PhysX\Common;C:\Program Files\NVIDIA Corporation\NVIDIA NvDLISR;C:\Windows\system32\config\systemprofile\AppData\Local\Microsoft\WindowsApps;C:\Program Files\Git\cmd;JAVA_HOME;MVN_HOME;C:\Program Files\PuTTY\;C:\Program Files (x86)\Certbot\bin;C:\WINDOWS\system32;C:\WINDOWS;C:\WINDOWS\System32\Wbem;C:\WINDOWS\System32\WindowsPowerShell\v1.0\;C:\WINDOWS\System32\OpenSSH\;C:\Program Files\nodejs\;C:\ProgramData\chocolatey\bin;C:\Users\banme\AppData\Local\Microsoft\WindowsApps;C:\Users\banme\AppData\Roaming\npm;C:\WINDOWS\system32;
USERNAME=banme
OS=Windows_NT
PROCESSOR_IDENTIFIER=Intel64 Family 6 Model 158 Stepping 12, GenuineIntel



---------------  S Y S T E M  ---------------

OS: Windows 10 , 64 bit Build 19041 (10.0.19041.1202)

CPU:total 6 (initial active 6) (6 cores per cpu, 1 threads per core) family 6 model 158 stepping 12, cmov, cx8, fxsr, mmx, sse, sse2, sse3, ssse3, sse4.1, sse4.2, popcnt, avx, avx2, aes, clmul, erms, rtm, 3dnowpref, lzcnt, tsc, tscinvbit, bmi1, bmi2, adx, fma

Memory: 4k page, system-wide physical 32687M (334M free)
TotalPageFile size 92159M (AvailPageFile size 0M)
current process WorkingSet (physical memory assigned to process): 88M, peak: 88M
current process commit charge ("private bytes"): 629M, peak: 629M

vm_info: Java HotSpot(TM) 64-Bit Server VM (13.0.2+8) for windows-amd64 JRE (13.0.2+8), built on Dec 11 2019 09:20:33 by "mach5one" with unknown MS VC++:1916

END.
